<?xml version="1.0" encoding="UTF-8"?>
<testsuite xmlns:xsi="http://www.w3.org/2001/XMLSchema-instance" xsi:noNamespaceSchemaLocation="https://maven.apache.org/surefire/maven-surefire-plugin/xsd/surefire-test-report.xsd" name="TestSuite" time="57.91" tests="2" errors="0" skipped="0" failures="1">
  <properties>
[...]
</properties>
  <testcase name="GetEmployees" classname="restDemo.GetTest" time="45.785"/>
  <testcase name="visitAmazon" classname="seleniumVisitAmazon.VisitAmazonPageTest" time="11.818">
    <failure message="Amount in item was not the same as  expected:&lt;$[0.00]&gt; but was:&lt;$[47.49]&gt;" type="org.junit.ComparisonFailure"><![CDATA[org.junit.ComparisonFailure: Amount in item was not the same as  expected:<$[0.00]> but was:<$[47.49]>
	at seleniumVisitAmazon.VisitAmazonPageTest.visitAmazon(VisitAmazonPageTest.java:60)
]]></failure>
    <system-out><![CDATA[Windows 10
../Demo/src/test/java/seleniumVisitAmazon/BrowserDriver/chromedriver.exe
Initial item amount = $0.00
In item amount = $47.49
]]></system-out>
    <system-err><![CDATA[Starting ChromeDriver 89.0.4389.23 (61b08ee2c50024bab004e48d2b1b083cdbdac579-refs/branch-heads/4389@{#294}) on port 4534
Only local connections are allowed.
Please see https://chromedriver.chromium.org/security-considerations for suggestions on keeping ChromeDriver safe.
ChromeDriver was started successfully.
Apr 12, 2021 12:38:53 AM org.openqa.selenium.remote.ProtocolHandshake createSession
INFO: Detected dialect: W3C
]]></system-err>
  </testcase>
</testsuite>