<?xml version="1.0" encoding="UTF-8"?>
<testng-results skipped="0" failed="0" total="1" passed="1">
  <reporter-output>
  </reporter-output>
  <suite name="Surefire suite" duration-ms="83551" started-at="2021-04-11T13:15:47Z" finished-at="2021-04-11T13:17:11Z">
    <groups>
    </groups>
    <test name="Surefire test" duration-ms="83551" started-at="2021-04-11T13:15:47Z" finished-at="2021-04-11T13:17:11Z">
      <class name="restDemo.GetTest">
        <test-method status="PASS" signature="Get()" name="Get" duration-ms="83547" started-at="2021-04-11T13:15:47Z" finished-at="2021-04-11T13:17:11Z">
        </test-method>
      </class>
    </test>
  </suite>
</testng-results>
