<?xml version="1.0" encoding="UTF-8"?>
<testng-results skipped="0" failed="0" ignored="0" total="1" passed="1">
  <reporter-output>
  </reporter-output>
  <suite name="Default suite" duration-ms="18313" started-at="2021-06-03T20:47:30 CDT" finished-at="2021-06-03T20:47:49 CDT">
    <groups>
    </groups>
    <test name="Default test" duration-ms="18313" started-at="2021-06-03T20:47:30 CDT" finished-at="2021-06-03T20:47:49 CDT">
      <class name="restDemo.GetTest">
        <test-method status="PASS" signature="getAndDeleteEmployee()[pri:0, instance:restDemo.GetTest@76494737]" name="getAndDeleteEmployee" duration-ms="18293" started-at="2021-06-03T20:47:30 CDT" finished-at="2021-06-03T20:47:49 CDT">
          <reporter-output>
          </reporter-output>
        </test-method> <!-- getAndDeleteEmployee -->
      </class> <!-- restDemo.GetTest -->
    </test> <!-- Default test -->
  </suite> <!-- Default suite -->
</testng-results>
