<?xml version="1.0" encoding="UTF-8"?>
<!-- Generated by org.testng.reporters.JUnitXMLReporter -->
<testsuite hostname="Niko" ignored="0" name="Surefire test" tests="2" failures="1" timestamp="2021-04-12T00:39:03 CDT" time="57.621" errors="0">
  <testcase name="GetEmployees" time="45.784" classname="restDemo.GetTest"/>
  <testcase name="visitAmazon" time="11.813" classname="seleniumVisitAmazon.VisitAmazonPageTest">
    <failure type="org.junit.ComparisonFailure" message="Amount in item was not the same as  expected:&amp;lt;$[0.00]&amp;gt; but was:&amp;lt;$[47.49]&amp;gt;">
      <![CDATA[org.junit.ComparisonFailure: Amount in item was not the same as  expected:<$[0.00]> but was:<$[47.49]>
at org.junit.Assert.assertEquals(Assert.java:115)
at seleniumVisitAmazon.VisitAmazonPageTest.visitAmazon(VisitAmazonPageTest.java:60)
at java.util.ArrayList.forEach(ArrayList.java:1259)
... Removed 32 stack frames]]>
    </failure>
  </testcase> <!-- visitAmazon -->
</testsuite> <!-- Surefire test -->
